{"C:\\Developers\\currency-exchange\\src\\App.vue": {"path":"C:\\Developers\\currency-exchange\\src\\App.vue","all":false,"statementMap":{"1":{"start":{"line":2,"column":0},"end":{"line":2,"column":67}},"5":{"start":{"line":6,"column":0},"end":{"line":6,"column":97}},"6":{"start":{"line":7,"column":0},"end":{"line":7,"column":35}},"7":{"start":{"line":8,"column":0},"end":{"line":8,"column":120}},"8":{"start":{"line":9,"column":0},"end":{"line":9,"column":32}},"9":{"start":{"line":10,"column":0},"end":{"line":10,"column":189}},"10":{"start":{"line":11,"column":0},"end":{"line":11,"column":10}},"11":{"start":{"line":12,"column":0},"end":{"line":12,"column":25}},"12":{"start":{"line":13,"column":0},"end":{"line":13,"column":8}}},"s":{"1":1,"5":1,"6":1,"7":1,"8":1,"9":1,"10":1,"11":1,"12":1},"branchMap":{},"b":{},"fnMap":{},"f":{}}
,"C:\\Developers\\currency-exchange\\src\\main.ts": {"path":"C:\\Developers\\currency-exchange\\src\\main.ts","all":false,"statementMap":{"0":{"start":{"line":1,"column":0},"end":{"line":1,"column":32}},"1":{"start":{"line":2,"column":0},"end":{"line":2,"column":36}},"2":{"start":{"line":3,"column":0},"end":{"line":3,"column":21}},"3":{"start":{"line":4,"column":0},"end":{"line":4,"column":28}},"4":{"start":{"line":5,"column":0},"end":{"line":5,"column":27}},"6":{"start":{"line":7,"column":0},"end":{"line":7,"column":27}},"7":{"start":{"line":8,"column":0},"end":{"line":8,"column":28}},"9":{"start":{"line":10,"column":0},"end":{"line":10,"column":15}},"10":{"start":{"line":11,"column":0},"end":{"line":11,"column":18}}},"s":{"0":1,"1":1,"2":1,"3":1,"4":1,"6":1,"7":1,"9":1,"10":1},"branchMap":{},"b":{},"fnMap":{},"f":{}}
,"C:\\Developers\\currency-exchange\\src\\components\\CurrencyConverter.vue": {"path":"C:\\Developers\\currency-exchange\\src\\components\\CurrencyConverter.vue","all":false,"statementMap":{"1":{"start":{"line":2,"column":0},"end":{"line":2,"column":77}},"2":{"start":{"line":3,"column":0},"end":{"line":3,"column":53}},"4":{"start":{"line":5,"column":0},"end":{"line":5,"column":52}},"6":{"start":{"line":7,"column":0},"end":{"line":7,"column":41}},"7":{"start":{"line":8,"column":0},"end":{"line":8,"column":67}},"8":{"start":{"line":9,"column":0},"end":{"line":9,"column":39}},"9":{"start":{"line":10,"column":0},"end":{"line":10,"column":38}},"12":{"start":{"line":13,"column":0},"end":{"line":13,"column":33}},"13":{"start":{"line":14,"column":0},"end":{"line":14,"column":52}},"14":{"start":{"line":15,"column":0},"end":{"line":15,"column":45}},"15":{"start":{"line":16,"column":0},"end":{"line":16,"column":42}},"16":{"start":{"line":17,"column":0},"end":{"line":17,"column":38}},"17":{"start":{"line":18,"column":0},"end":{"line":18,"column":37}},"18":{"start":{"line":19,"column":0},"end":{"line":19,"column":2}},"20":{"start":{"line":21,"column":0},"end":{"line":21,"column":33}},"21":{"start":{"line":22,"column":0},"end":{"line":22,"column":41}},"22":{"start":{"line":23,"column":0},"end":{"line":23,"column":33}},"23":{"start":{"line":24,"column":0},"end":{"line":24,"column":32}},"24":{"start":{"line":25,"column":0},"end":{"line":25,"column":33}},"25":{"start":{"line":26,"column":0},"end":{"line":26,"column":3}},"26":{"start":{"line":27,"column":0},"end":{"line":27,"column":3}},"28":{"start":{"line":29,"column":0},"end":{"line":29,"column":40}},"29":{"start":{"line":30,"column":0},"end":{"line":30,"column":38}},"30":{"start":{"line":31,"column":0},"end":{"line":31,"column":42}},"31":{"start":{"line":32,"column":0},"end":{"line":32,"column":39}},"33":{"start":{"line":34,"column":0},"end":{"line":34,"column":32}},"34":{"start":{"line":35,"column":0},"end":{"line":35,"column":23}},"35":{"start":{"line":36,"column":0},"end":{"line":36,"column":37}},"36":{"start":{"line":37,"column":0},"end":{"line":37,"column":67}},"37":{"start":{"line":38,"column":0},"end":{"line":38,"column":3}},"38":{"start":{"line":39,"column":0},"end":{"line":39,"column":2}},"40":{"start":{"line":41,"column":0},"end":{"line":41,"column":39}},"41":{"start":{"line":42,"column":0},"end":{"line":42,"column":49}},"42":{"start":{"line":43,"column":0},"end":{"line":43,"column":26}},"45":{"start":{"line":46,"column":0},"end":{"line":46,"column":51}},"48":{"start":{"line":49,"column":0},"end":{"line":49,"column":39}},"51":{"start":{"line":52,"column":0},"end":{"line":52,"column":40}},"52":{"start":{"line":53,"column":0},"end":{"line":53,"column":32}},"54":{"start":{"line":55,"column":0},"end":{"line":55,"column":67}},"55":{"start":{"line":56,"column":0},"end":{"line":56,"column":3}},"58":{"start":{"line":59,"column":0},"end":{"line":59,"column":64}},"59":{"start":{"line":60,"column":0},"end":{"line":60,"column":68}},"60":{"start":{"line":61,"column":0},"end":{"line":61,"column":3}},"63":{"start":{"line":64,"column":0},"end":{"line":64,"column":31}},"64":{"start":{"line":65,"column":0},"end":{"line":65,"column":30}},"67":{"start":{"line":68,"column":0},"end":{"line":68,"column":40}},"70":{"start":{"line":71,"column":0},"end":{"line":71,"column":33}},"71":{"start":{"line":72,"column":0},"end":{"line":72,"column":25}},"72":{"start":{"line":73,"column":0},"end":{"line":73,"column":53}},"73":{"start":{"line":74,"column":0},"end":{"line":74,"column":3}},"76":{"start":{"line":77,"column":0},"end":{"line":77,"column":27}},"77":{"start":{"line":78,"column":0},"end":{"line":78,"column":40}},"78":{"start":{"line":79,"column":0},"end":{"line":79,"column":28}},"79":{"start":{"line":80,"column":0},"end":{"line":80,"column":3}},"82":{"start":{"line":83,"column":0},"end":{"line":83,"column":22}},"83":{"start":{"line":84,"column":0},"end":{"line":84,"column":17}},"84":{"start":{"line":85,"column":0},"end":{"line":85,"column":3}},"87":{"start":{"line":88,"column":0},"end":{"line":88,"column":41}},"88":{"start":{"line":89,"column":0},"end":{"line":89,"column":54}},"89":{"start":{"line":90,"column":0},"end":{"line":90,"column":21}},"90":{"start":{"line":91,"column":0},"end":{"line":91,"column":3}},"93":{"start":{"line":94,"column":0},"end":{"line":94,"column":46}},"95":{"start":{"line":96,"column":0},"end":{"line":96,"column":16}},"97":{"start":{"line":98,"column":0},"end":{"line":98,"column":34}},"98":{"start":{"line":99,"column":0},"end":{"line":99,"column":28}},"99":{"start":{"line":100,"column":0},"end":{"line":100,"column":7}},"101":{"start":{"line":102,"column":0},"end":{"line":102,"column":22}},"102":{"start":{"line":103,"column":0},"end":{"line":103,"column":20}},"103":{"start":{"line":104,"column":0},"end":{"line":104,"column":66}},"104":{"start":{"line":105,"column":0},"end":{"line":105,"column":9}},"105":{"start":{"line":106,"column":0},"end":{"line":106,"column":9}},"106":{"start":{"line":107,"column":0},"end":{"line":107,"column":5}},"107":{"start":{"line":108,"column":0},"end":{"line":108,"column":25}},"108":{"start":{"line":109,"column":0},"end":{"line":109,"column":10}},"110":{"start":{"line":111,"column":0},"end":{"line":111,"column":41}},"111":{"start":{"line":112,"column":0},"end":{"line":112,"column":3}},"113":{"start":{"line":114,"column":0},"end":{"line":114,"column":36}},"114":{"start":{"line":115,"column":0},"end":{"line":115,"column":18}},"115":{"start":{"line":116,"column":0},"end":{"line":116,"column":23}},"116":{"start":{"line":117,"column":0},"end":{"line":117,"column":5}},"117":{"start":{"line":118,"column":0},"end":{"line":118,"column":2}},"119":{"start":{"line":120,"column":0},"end":{"line":120,"column":41}},"120":{"start":{"line":121,"column":0},"end":{"line":121,"column":81}},"122":{"start":{"line":123,"column":0},"end":{"line":123,"column":53}},"123":{"start":{"line":124,"column":0},"end":{"line":124,"column":17}},"126":{"start":{"line":127,"column":0},"end":{"line":127,"column":67}},"127":{"start":{"line":128,"column":0},"end":{"line":128,"column":41}},"128":{"start":{"line":129,"column":0},"end":{"line":129,"column":71}},"129":{"start":{"line":130,"column":0},"end":{"line":130,"column":71}},"130":{"start":{"line":131,"column":0},"end":{"line":131,"column":3}},"132":{"start":{"line":133,"column":0},"end":{"line":133,"column":72}},"133":{"start":{"line":134,"column":0},"end":{"line":134,"column":41}},"134":{"start":{"line":135,"column":0},"end":{"line":135,"column":71}},"135":{"start":{"line":136,"column":0},"end":{"line":136,"column":71}},"136":{"start":{"line":137,"column":0},"end":{"line":137,"column":3}},"139":{"start":{"line":140,"column":0},"end":{"line":140,"column":40}},"140":{"start":{"line":141,"column":0},"end":{"line":141,"column":2}},"142":{"start":{"line":143,"column":0},"end":{"line":143,"column":45}},"143":{"start":{"line":144,"column":0},"end":{"line":144,"column":24}},"144":{"start":{"line":145,"column":0},"end":{"line":145,"column":34}},"145":{"start":{"line":146,"column":0},"end":{"line":146,"column":44}},"146":{"start":{"line":147,"column":0},"end":{"line":147,"column":41}},"149":{"start":{"line":150,"column":0},"end":{"line":150,"column":24}},"150":{"start":{"line":151,"column":0},"end":{"line":151,"column":31}},"151":{"start":{"line":152,"column":0},"end":{"line":152,"column":29}},"152":{"start":{"line":153,"column":0},"end":{"line":153,"column":10}},"153":{"start":{"line":154,"column":0},"end":{"line":154,"column":31}},"154":{"start":{"line":155,"column":0},"end":{"line":155,"column":29}},"155":{"start":{"line":156,"column":0},"end":{"line":156,"column":3}},"158":{"start":{"line":159,"column":0},"end":{"line":159,"column":50}},"159":{"start":{"line":160,"column":0},"end":{"line":160,"column":41}},"160":{"start":{"line":161,"column":0},"end":{"line":161,"column":3}},"161":{"start":{"line":162,"column":0},"end":{"line":162,"column":2}},"163":{"start":{"line":164,"column":0},"end":{"line":164,"column":36}},"165":{"start":{"line":166,"column":0},"end":{"line":166,"column":70}},"168":{"start":{"line":169,"column":0},"end":{"line":169,"column":68}},"169":{"start":{"line":170,"column":0},"end":{"line":170,"column":31}},"170":{"start":{"line":171,"column":0},"end":{"line":171,"column":29}},"171":{"start":{"line":172,"column":0},"end":{"line":172,"column":3}},"173":{"start":{"line":174,"column":0},"end":{"line":174,"column":74}},"174":{"start":{"line":175,"column":0},"end":{"line":175,"column":31}},"175":{"start":{"line":176,"column":0},"end":{"line":176,"column":29}},"176":{"start":{"line":177,"column":0},"end":{"line":177,"column":3}},"179":{"start":{"line":180,"column":0},"end":{"line":180,"column":50}},"180":{"start":{"line":181,"column":0},"end":{"line":181,"column":41}},"181":{"start":{"line":182,"column":0},"end":{"line":182,"column":10}},"182":{"start":{"line":183,"column":0},"end":{"line":183,"column":26}},"183":{"start":{"line":184,"column":0},"end":{"line":184,"column":38}},"184":{"start":{"line":185,"column":0},"end":{"line":185,"column":3}},"185":{"start":{"line":186,"column":0},"end":{"line":186,"column":2}},"188":{"start":{"line":189,"column":0},"end":{"line":189,"column":36}},"189":{"start":{"line":190,"column":0},"end":{"line":190,"column":36}},"192":{"start":{"line":193,"column":0},"end":{"line":193,"column":37}},"193":{"start":{"line":194,"column":0},"end":{"line":194,"column":26}},"194":{"start":{"line":195,"column":0},"end":{"line":195,"column":35}},"197":{"start":{"line":198,"column":0},"end":{"line":198,"column":18}},"198":{"start":{"line":199,"column":0},"end":{"line":199,"column":25}},"199":{"start":{"line":200,"column":0},"end":{"line":200,"column":88}},"200":{"start":{"line":201,"column":0},"end":{"line":201,"column":25}},"201":{"start":{"line":202,"column":0},"end":{"line":202,"column":5}},"202":{"start":{"line":203,"column":0},"end":{"line":203,"column":5}},"205":{"start":{"line":206,"column":0},"end":{"line":206,"column":18}},"206":{"start":{"line":207,"column":0},"end":{"line":207,"column":23}},"207":{"start":{"line":208,"column":0},"end":{"line":208,"column":5}},"208":{"start":{"line":209,"column":0},"end":{"line":209,"column":2}},"211":{"start":{"line":212,"column":0},"end":{"line":212,"column":75}},"212":{"start":{"line":213,"column":0},"end":{"line":213,"column":34}},"213":{"start":{"line":214,"column":0},"end":{"line":214,"column":41}},"214":{"start":{"line":215,"column":0},"end":{"line":215,"column":3}},"215":{"start":{"line":216,"column":0},"end":{"line":216,"column":3}},"219":{"start":{"line":220,"column":0},"end":{"line":220,"column":41}},"222":{"start":{"line":223,"column":0},"end":{"line":223,"column":17}},"223":{"start":{"line":224,"column":0},"end":{"line":224,"column":31}},"224":{"start":{"line":225,"column":0},"end":{"line":225,"column":34}},"225":{"start":{"line":226,"column":0},"end":{"line":226,"column":19}},"226":{"start":{"line":227,"column":0},"end":{"line":227,"column":21}},"228":{"start":{"line":229,"column":0},"end":{"line":229,"column":28}},"231":{"start":{"line":232,"column":0},"end":{"line":232,"column":45}},"232":{"start":{"line":233,"column":0},"end":{"line":233,"column":41}},"235":{"start":{"line":236,"column":0},"end":{"line":236,"column":35}},"236":{"start":{"line":237,"column":0},"end":{"line":237,"column":33}},"237":{"start":{"line":238,"column":0},"end":{"line":238,"column":9}},"238":{"start":{"line":239,"column":0},"end":{"line":239,"column":7}},"239":{"start":{"line":240,"column":0},"end":{"line":240,"column":7}},"240":{"start":{"line":241,"column":0},"end":{"line":241,"column":23}},"241":{"start":{"line":242,"column":0},"end":{"line":242,"column":4}},"242":{"start":{"line":243,"column":0},"end":{"line":243,"column":3}},"245":{"start":{"line":246,"column":0},"end":{"line":246,"column":24}},"246":{"start":{"line":247,"column":0},"end":{"line":247,"column":31}},"247":{"start":{"line":248,"column":0},"end":{"line":248,"column":48}},"248":{"start":{"line":249,"column":0},"end":{"line":249,"column":46}},"249":{"start":{"line":250,"column":0},"end":{"line":250,"column":43}},"250":{"start":{"line":251,"column":0},"end":{"line":251,"column":41}},"251":{"start":{"line":252,"column":0},"end":{"line":252,"column":3}},"252":{"start":{"line":253,"column":0},"end":{"line":253,"column":3}},"255":{"start":{"line":256,"column":0},"end":{"line":256,"column":19}},"256":{"start":{"line":257,"column":0},"end":{"line":257,"column":25}},"257":{"start":{"line":258,"column":0},"end":{"line":258,"column":3}},"261":{"start":{"line":262,"column":0},"end":{"line":262,"column":154}},"262":{"start":{"line":263,"column":0},"end":{"line":263,"column":28}},"263":{"start":{"line":264,"column":0},"end":{"line":264,"column":96}},"264":{"start":{"line":265,"column":0},"end":{"line":265,"column":60}},"265":{"start":{"line":266,"column":0},"end":{"line":266,"column":62}},"266":{"start":{"line":267,"column":0},"end":{"line":267,"column":57}},"267":{"start":{"line":268,"column":0},"end":{"line":268,"column":12}},"268":{"start":{"line":269,"column":0},"end":{"line":269,"column":62}},"269":{"start":{"line":270,"column":0},"end":{"line":270,"column":10}},"271":{"start":{"line":272,"column":0},"end":{"line":272,"column":108}},"272":{"start":{"line":273,"column":0},"end":{"line":273,"column":36}},"273":{"start":{"line":274,"column":0},"end":{"line":274,"column":38}},"274":{"start":{"line":275,"column":0},"end":{"line":275,"column":10}},"276":{"start":{"line":277,"column":0},"end":{"line":277,"column":38}},"277":{"start":{"line":278,"column":0},"end":{"line":278,"column":89}},"278":{"start":{"line":279,"column":0},"end":{"line":279,"column":88}},"279":{"start":{"line":280,"column":0},"end":{"line":280,"column":125}},"280":{"start":{"line":281,"column":0},"end":{"line":281,"column":98}},"281":{"start":{"line":282,"column":0},"end":{"line":282,"column":87}},"282":{"start":{"line":283,"column":0},"end":{"line":283,"column":118}},"283":{"start":{"line":284,"column":0},"end":{"line":284,"column":17}},"284":{"start":{"line":285,"column":0},"end":{"line":285,"column":12}},"286":{"start":{"line":287,"column":0},"end":{"line":287,"column":33}},"288":{"start":{"line":289,"column":0},"end":{"line":289,"column":31}},"289":{"start":{"line":290,"column":0},"end":{"line":290,"column":32}},"290":{"start":{"line":291,"column":0},"end":{"line":291,"column":114}},"291":{"start":{"line":292,"column":0},"end":{"line":292,"column":129}},"292":{"start":{"line":293,"column":0},"end":{"line":293,"column":64}},"293":{"start":{"line":294,"column":0},"end":{"line":294,"column":18}},"294":{"start":{"line":295,"column":0},"end":{"line":295,"column":70}},"295":{"start":{"line":296,"column":0},"end":{"line":296,"column":104}},"296":{"start":{"line":297,"column":0},"end":{"line":297,"column":60}},"297":{"start":{"line":298,"column":0},"end":{"line":298,"column":56}},"298":{"start":{"line":299,"column":0},"end":{"line":299,"column":147}},"299":{"start":{"line":300,"column":0},"end":{"line":300,"column":61}},"300":{"start":{"line":301,"column":0},"end":{"line":301,"column":25}},"301":{"start":{"line":302,"column":0},"end":{"line":302,"column":24}},"302":{"start":{"line":303,"column":0},"end":{"line":303,"column":34}},"303":{"start":{"line":304,"column":0},"end":{"line":304,"column":36}},"304":{"start":{"line":305,"column":0},"end":{"line":305,"column":31}},"305":{"start":{"line":306,"column":0},"end":{"line":306,"column":39}},"306":{"start":{"line":307,"column":0},"end":{"line":307,"column":174}},"307":{"start":{"line":308,"column":0},"end":{"line":308,"column":29}},"312":{"start":{"line":313,"column":0},"end":{"line":313,"column":40}},"313":{"start":{"line":314,"column":0},"end":{"line":314,"column":19}},"314":{"start":{"line":315,"column":0},"end":{"line":315,"column":22}},"315":{"start":{"line":316,"column":0},"end":{"line":316,"column":20}},"316":{"start":{"line":317,"column":0},"end":{"line":317,"column":18}},"317":{"start":{"line":318,"column":0},"end":{"line":318,"column":16}},"319":{"start":{"line":320,"column":0},"end":{"line":320,"column":30}},"320":{"start":{"line":321,"column":0},"end":{"line":321,"column":79}},"321":{"start":{"line":322,"column":0},"end":{"line":322,"column":43}},"322":{"start":{"line":323,"column":0},"end":{"line":323,"column":127}},"323":{"start":{"line":324,"column":0},"end":{"line":324,"column":141}},"324":{"start":{"line":325,"column":0},"end":{"line":325,"column":2128}},"325":{"start":{"line":326,"column":0},"end":{"line":326,"column":20}},"326":{"start":{"line":327,"column":0},"end":{"line":327,"column":21}},"327":{"start":{"line":328,"column":0},"end":{"line":328,"column":16}},"329":{"start":{"line":330,"column":0},"end":{"line":330,"column":30}},"330":{"start":{"line":331,"column":0},"end":{"line":331,"column":114}},"331":{"start":{"line":332,"column":0},"end":{"line":332,"column":129}},"332":{"start":{"line":333,"column":0},"end":{"line":333,"column":62}},"333":{"start":{"line":334,"column":0},"end":{"line":334,"column":18}},"334":{"start":{"line":335,"column":0},"end":{"line":335,"column":70}},"335":{"start":{"line":336,"column":0},"end":{"line":336,"column":105}},"336":{"start":{"line":337,"column":0},"end":{"line":337,"column":60}},"337":{"start":{"line":338,"column":0},"end":{"line":338,"column":56}},"338":{"start":{"line":339,"column":0},"end":{"line":339,"column":135}},"339":{"start":{"line":340,"column":0},"end":{"line":340,"column":86}},"340":{"start":{"line":341,"column":0},"end":{"line":341,"column":25}},"341":{"start":{"line":342,"column":0},"end":{"line":342,"column":108}},"342":{"start":{"line":343,"column":0},"end":{"line":343,"column":76}},"343":{"start":{"line":344,"column":0},"end":{"line":344,"column":22}},"344":{"start":{"line":345,"column":0},"end":{"line":345,"column":20}},"345":{"start":{"line":346,"column":0},"end":{"line":346,"column":18}},"348":{"start":{"line":349,"column":0},"end":{"line":349,"column":16}},"350":{"start":{"line":351,"column":0},"end":{"line":351,"column":41}},"351":{"start":{"line":352,"column":0},"end":{"line":352,"column":121}},"352":{"start":{"line":353,"column":0},"end":{"line":353,"column":257}},"354":{"start":{"line":355,"column":0},"end":{"line":355,"column":19}},"355":{"start":{"line":356,"column":0},"end":{"line":356,"column":14}},"356":{"start":{"line":357,"column":0},"end":{"line":357,"column":12}},"357":{"start":{"line":358,"column":0},"end":{"line":358,"column":8}},"358":{"start":{"line":359,"column":0},"end":{"line":359,"column":8}}},"s":{"1":1,"2":1,"4":1,"6":1,"7":1,"8":1,"9":1,"12":1,"13":11,"14":11,"15":0,"16":11,"17":11,"18":11,"20":1,"21":1,"22":1,"23":27,"24":27,"25":27,"26":1,"28":1,"29":1,"30":1,"31":1,"33":1,"34":14,"35":14,"36":14,"37":14,"38":14,"40":1,"41":10,"42":10,"45":10,"48":10,"51":10,"52":10,"54":1,"55":1,"58":10,"59":1,"60":1,"63":10,"64":10,"67":10,"70":10,"71":10,"72":0,"73":0,"76":10,"77":3,"78":3,"79":3,"82":10,"83":0,"84":0,"87":10,"88":10,"89":0,"90":0,"93":10,"95":10,"97":10,"98":3,"99":3,"101":10,"102":10,"103":10,"104":10,"105":10,"106":10,"107":10,"108":10,"110":0,"111":0,"113":10,"114":10,"115":10,"116":10,"117":10,"119":1,"120":21,"122":21,"123":21,"126":21,"127":9,"128":0,"129":9,"130":9,"132":12,"133":12,"134":12,"135":0,"136":12,"139":21,"140":21,"142":1,"143":3,"144":3,"145":0,"146":3,"149":3,"150":3,"151":3,"152":3,"153":0,"154":0,"155":0,"158":3,"159":3,"160":3,"161":3,"163":1,"165":1,"168":1,"169":1,"170":1,"171":1,"173":0,"174":0,"175":0,"176":0,"179":1,"180":1,"181":1,"182":0,"183":0,"184":0,"185":1,"188":1,"189":2,"192":2,"193":2,"194":2,"197":2,"198":2,"199":2,"200":2,"201":2,"202":2,"205":2,"206":2,"207":2,"208":2,"211":1,"212":1,"213":0,"214":0,"215":1,"219":1,"222":1,"223":13,"224":13,"225":13,"226":14,"228":11,"231":11,"232":11,"235":11,"236":1,"237":1,"238":11,"239":14,"240":13,"241":13,"242":1,"245":1,"246":4,"247":4,"248":0,"249":4,"250":4,"251":4,"252":1,"255":1,"256":13,"257":1,"261":1,"262":1,"263":1,"264":3,"265":3,"266":3,"267":3,"268":3,"269":1,"271":1,"272":1,"273":1,"274":1,"276":1,"277":1,"278":1,"279":1,"280":1,"281":1,"282":1,"283":1,"284":1,"286":1,"288":1,"289":1,"290":1,"291":1,"292":1,"293":1,"294":1,"295":1,"296":1,"297":1,"298":1,"299":1,"300":1,"301":1,"302":1,"303":10,"304":1,"305":1,"306":1,"307":1,"312":1,"313":1,"314":1,"315":1,"316":1,"317":1,"319":1,"320":1,"321":1,"322":1,"323":1,"324":1,"325":1,"326":1,"327":1,"329":1,"330":1,"331":1,"332":1,"333":1,"334":1,"335":1,"336":1,"337":1,"338":1,"339":1,"340":19,"341":19,"342":19,"343":1,"344":1,"345":1,"348":1,"350":1,"351":1,"352":1,"354":1,"355":1,"356":1,"357":1,"358":1},"branchMap":{"0":{"type":"branch","line":13,"loc":{"start":{"line":13,"column":26},"end":{"line":19,"column":2}},"locations":[{"start":{"line":13,"column":26},"end":{"line":19,"column":2}}]},"1":{"type":"branch","line":15,"loc":{"start":{"line":15,"column":44},"end":{"line":16,"column":42}},"locations":[{"start":{"line":15,"column":44},"end":{"line":16,"column":42}}]},"2":{"type":"branch","line":22,"loc":{"start":{"line":22,"column":7},"end":{"line":22,"column":41}},"locations":[{"start":{"line":22,"column":7},"end":{"line":22,"column":41}}]},"3":{"type":"branch","line":23,"loc":{"start":{"line":23,"column":7},"end":{"line":26,"column":3}},"locations":[{"start":{"line":23,"column":7},"end":{"line":26,"column":3}}]},"4":{"type":"branch","line":34,"loc":{"start":{"line":34,"column":25},"end":{"line":39,"column":2}},"locations":[{"start":{"line":34,"column":25},"end":{"line":39,"column":2}}]},"5":{"type":"branch","line":41,"loc":{"start":{"line":41,"column":20},"end":{"line":118,"column":2}},"locations":[{"start":{"line":41,"column":20},"end":{"line":118,"column":2}}]},"6":{"type":"branch","line":46,"loc":{"start":{"line":46,"column":31},"end":{"line":46,"column":51}},"locations":[{"start":{"line":46,"column":31},"end":{"line":46,"column":51}}]},"7":{"type":"branch","line":53,"loc":{"start":{"line":53,"column":31},"end":{"line":56,"column":3}},"locations":[{"start":{"line":53,"column":31},"end":{"line":56,"column":3}}]},"8":{"type":"branch","line":59,"loc":{"start":{"line":59,"column":30},"end":{"line":59,"column":63}},"locations":[{"start":{"line":59,"column":30},"end":{"line":59,"column":63}}]},"9":{"type":"branch","line":59,"loc":{"start":{"line":59,"column":63},"end":{"line":61,"column":3}},"locations":[{"start":{"line":59,"column":63},"end":{"line":61,"column":3}}]},"10":{"type":"branch","line":72,"loc":{"start":{"line":72,"column":24},"end":{"line":74,"column":3}},"locations":[{"start":{"line":72,"column":24},"end":{"line":74,"column":3}}]},"11":{"type":"branch","line":77,"loc":{"start":{"line":77,"column":26},"end":{"line":80,"column":3}},"locations":[{"start":{"line":77,"column":26},"end":{"line":80,"column":3}}]},"12":{"type":"branch","line":83,"loc":{"start":{"line":83,"column":21},"end":{"line":85,"column":3}},"locations":[{"start":{"line":83,"column":21},"end":{"line":85,"column":3}}]},"13":{"type":"branch","line":89,"loc":{"start":{"line":89,"column":25},"end":{"line":89,"column":53}},"locations":[{"start":{"line":89,"column":25},"end":{"line":89,"column":53}}]},"14":{"type":"branch","line":89,"loc":{"start":{"line":89,"column":53},"end":{"line":91,"column":3}},"locations":[{"start":{"line":89,"column":53},"end":{"line":91,"column":3}}]},"15":{"type":"branch","line":94,"loc":{"start":{"line":94,"column":16},"end":{"line":94,"column":45}},"locations":[{"start":{"line":94,"column":16},"end":{"line":94,"column":45}}]},"16":{"type":"branch","line":98,"loc":{"start":{"line":98,"column":33},"end":{"line":100,"column":7}},"locations":[{"start":{"line":98,"column":33},"end":{"line":100,"column":7}}]},"17":{"type":"branch","line":109,"loc":{"start":{"line":109,"column":2},"end":{"line":112,"column":3}},"locations":[{"start":{"line":109,"column":2},"end":{"line":112,"column":3}}]},"18":{"type":"branch","line":102,"loc":{"start":{"line":102,"column":15},"end":{"line":106,"column":7}},"locations":[{"start":{"line":102,"column":15},"end":{"line":106,"column":7}}]},"19":{"type":"branch","line":115,"loc":{"start":{"line":115,"column":11},"end":{"line":117,"column":3}},"locations":[{"start":{"line":115,"column":11},"end":{"line":117,"column":3}}]},"20":{"type":"branch","line":120,"loc":{"start":{"line":120,"column":26},"end":{"line":141,"column":2}},"locations":[{"start":{"line":120,"column":26},"end":{"line":141,"column":2}}]},"21":{"type":"branch","line":121,"loc":{"start":{"line":121,"column":72},"end":{"line":121,"column":81}},"locations":[{"start":{"line":121,"column":72},"end":{"line":121,"column":81}}]},"22":{"type":"branch","line":127,"loc":{"start":{"line":127,"column":29},"end":{"line":127,"column":66}},"locations":[{"start":{"line":127,"column":29},"end":{"line":127,"column":66}}]},"23":{"type":"branch","line":127,"loc":{"start":{"line":127,"column":66},"end":{"line":131,"column":3}},"locations":[{"start":{"line":127,"column":66},"end":{"line":131,"column":3}}]},"24":{"type":"branch","line":128,"loc":{"start":{"line":128,"column":33},"end":{"line":129,"column":71}},"locations":[{"start":{"line":128,"column":33},"end":{"line":129,"column":71}}]},"25":{"type":"branch","line":131,"loc":{"start":{"line":131,"column":2},"end":{"line":137,"column":3}},"locations":[{"start":{"line":131,"column":2},"end":{"line":137,"column":3}}]},"26":{"type":"branch","line":135,"loc":{"start":{"line":135,"column":34},"end":{"line":136,"column":71}},"locations":[{"start":{"line":135,"column":34},"end":{"line":136,"column":71}}]},"27":{"type":"branch","line":143,"loc":{"start":{"line":143,"column":21},"end":{"line":162,"column":2}},"locations":[{"start":{"line":143,"column":21},"end":{"line":162,"column":2}}]},"28":{"type":"branch","line":145,"loc":{"start":{"line":145,"column":25},"end":{"line":146,"column":44}},"locations":[{"start":{"line":145,"column":25},"end":{"line":146,"column":44}}]},"29":{"type":"branch","line":153,"loc":{"start":{"line":153,"column":2},"end":{"line":156,"column":3}},"locations":[{"start":{"line":153,"column":2},"end":{"line":156,"column":3}}]},"30":{"type":"branch","line":164,"loc":{"start":{"line":164,"column":23},"end":{"line":186,"column":2}},"locations":[{"start":{"line":164,"column":23},"end":{"line":186,"column":2}}]},"31":{"type":"branch","line":166,"loc":{"start":{"line":166,"column":51},"end":{"line":166,"column":70}},"locations":[{"start":{"line":166,"column":51},"end":{"line":166,"column":70}}]},"32":{"type":"branch","line":172,"loc":{"start":{"line":172,"column":2},"end":{"line":177,"column":3}},"locations":[{"start":{"line":172,"column":2},"end":{"line":177,"column":3}}]},"33":{"type":"branch","line":182,"loc":{"start":{"line":182,"column":2},"end":{"line":185,"column":3}},"locations":[{"start":{"line":182,"column":2},"end":{"line":185,"column":3}}]},"34":{"type":"branch","line":189,"loc":{"start":{"line":189,"column":23},"end":{"line":209,"column":2}},"locations":[{"start":{"line":189,"column":23},"end":{"line":209,"column":2}}]},"35":{"type":"branch","line":190,"loc":{"start":{"line":190,"column":29},"end":{"line":190,"column":36}},"locations":[{"start":{"line":190,"column":29},"end":{"line":190,"column":36}}]},"36":{"type":"branch","line":198,"loc":{"start":{"line":198,"column":11},"end":{"line":203,"column":3}},"locations":[{"start":{"line":198,"column":11},"end":{"line":203,"column":3}}]},"37":{"type":"branch","line":206,"loc":{"start":{"line":206,"column":11},"end":{"line":208,"column":3}},"locations":[{"start":{"line":206,"column":11},"end":{"line":208,"column":3}}]},"38":{"type":"branch","line":212,"loc":{"start":{"line":212,"column":6},"end":{"line":212,"column":68}},"locations":[{"start":{"line":212,"column":6},"end":{"line":212,"column":68}}]},"39":{"type":"branch","line":212,"loc":{"start":{"line":212,"column":68},"end":{"line":216,"column":1}},"locations":[{"start":{"line":212,"column":68},"end":{"line":216,"column":1}}]},"40":{"type":"branch","line":213,"loc":{"start":{"line":213,"column":33},"end":{"line":215,"column":3}},"locations":[{"start":{"line":213,"column":33},"end":{"line":215,"column":3}}]},"41":{"type":"branch","line":223,"loc":{"start":{"line":223,"column":10},"end":{"line":243,"column":1}},"locations":[{"start":{"line":223,"column":10},"end":{"line":243,"column":1}}]},"42":{"type":"branch","line":225,"loc":{"start":{"line":225,"column":4},"end":{"line":225,"column":34}},"locations":[{"start":{"line":225,"column":4},"end":{"line":225,"column":34}}]},"43":{"type":"branch","line":226,"loc":{"start":{"line":226,"column":4},"end":{"line":240,"column":7}},"locations":[{"start":{"line":226,"column":4},"end":{"line":240,"column":7}}]},"44":{"type":"branch","line":227,"loc":{"start":{"line":227,"column":20},"end":{"line":239,"column":7}},"locations":[{"start":{"line":227,"column":20},"end":{"line":239,"column":7}}]},"45":{"type":"branch","line":236,"loc":{"start":{"line":236,"column":34},"end":{"line":238,"column":9}},"locations":[{"start":{"line":236,"column":34},"end":{"line":238,"column":9}}]},"46":{"type":"branch","line":246,"loc":{"start":{"line":246,"column":17},"end":{"line":253,"column":1}},"locations":[{"start":{"line":246,"column":17},"end":{"line":253,"column":1}}]},"47":{"type":"branch","line":248,"loc":{"start":{"line":248,"column":39},"end":{"line":249,"column":46}},"locations":[{"start":{"line":248,"column":39},"end":{"line":249,"column":46}}]},"48":{"type":"branch","line":256,"loc":{"start":{"line":256,"column":12},"end":{"line":258,"column":1}},"locations":[{"start":{"line":256,"column":12},"end":{"line":258,"column":1}}]},"49":{"type":"branch","line":264,"loc":{"start":{"line":264,"column":29},"end":{"line":269,"column":62}},"locations":[{"start":{"line":264,"column":29},"end":{"line":269,"column":62}}]},"50":{"type":"branch","line":272,"loc":{"start":{"line":272,"column":34},"end":{"line":274,"column":38}},"locations":[{"start":{"line":272,"column":34},"end":{"line":274,"column":38}}]},"51":{"type":"branch","line":293,"loc":{"start":{"line":293,"column":29},"end":{"line":293,"column":64}},"locations":[{"start":{"line":293,"column":29},"end":{"line":293,"column":64}}]},"52":{"type":"branch","line":293,"loc":{"start":{"line":293,"column":29},"end":{"line":293,"column":64}},"locations":[{"start":{"line":293,"column":29},"end":{"line":293,"column":64}}]},"53":{"type":"branch","line":300,"loc":{"start":{"line":300,"column":35},"end":{"line":300,"column":61}},"locations":[{"start":{"line":300,"column":35},"end":{"line":300,"column":61}}]},"54":{"type":"branch","line":300,"loc":{"start":{"line":300,"column":35},"end":{"line":300,"column":61}},"locations":[{"start":{"line":300,"column":35},"end":{"line":300,"column":61}}]},"55":{"type":"branch","line":303,"loc":{"start":{"line":303,"column":24},"end":{"line":304,"column":36}},"locations":[{"start":{"line":303,"column":24},"end":{"line":304,"column":36}}]},"56":{"type":"branch","line":333,"loc":{"start":{"line":333,"column":27},"end":{"line":333,"column":62}},"locations":[{"start":{"line":333,"column":27},"end":{"line":333,"column":62}}]},"57":{"type":"branch","line":333,"loc":{"start":{"line":333,"column":27},"end":{"line":333,"column":62}},"locations":[{"start":{"line":333,"column":27},"end":{"line":333,"column":62}}]},"58":{"type":"branch","line":340,"loc":{"start":{"line":340,"column":33},"end":{"line":340,"column":64}},"locations":[{"start":{"line":340,"column":33},"end":{"line":340,"column":64}}]},"59":{"type":"branch","line":340,"loc":{"start":{"line":340,"column":33},"end":{"line":340,"column":64}},"locations":[{"start":{"line":340,"column":33},"end":{"line":340,"column":64}}]},"60":{"type":"branch","line":340,"loc":{"start":{"line":340,"column":80},"end":{"line":343,"column":76}},"locations":[{"start":{"line":340,"column":80},"end":{"line":343,"column":76}}]},"61":{"type":"branch","line":343,"loc":{"start":{"line":343,"column":33},"end":{"line":343,"column":76}},"locations":[{"start":{"line":343,"column":33},"end":{"line":343,"column":76}}]},"62":{"type":"branch","line":343,"loc":{"start":{"line":343,"column":33},"end":{"line":343,"column":76}},"locations":[{"start":{"line":343,"column":33},"end":{"line":343,"column":76}}]},"63":{"type":"branch","line":352,"loc":{"start":{"line":352,"column":24},"end":{"line":352,"column":121}},"locations":[{"start":{"line":352,"column":24},"end":{"line":352,"column":121}}]},"64":{"type":"branch","line":352,"loc":{"start":{"line":352,"column":99},"end":{"line":352,"column":121}},"locations":[{"start":{"line":352,"column":99},"end":{"line":352,"column":121}}]},"65":{"type":"branch","line":280,"loc":{"start":{"line":280,"column":81},"end":{"line":280,"column":125}},"locations":[{"start":{"line":280,"column":81},"end":{"line":280,"column":125}}]},"66":{"type":"branch","line":280,"loc":{"start":{"line":280,"column":84},"end":{"line":280,"column":125}},"locations":[{"start":{"line":280,"column":84},"end":{"line":280,"column":125}}]},"67":{"type":"branch","line":281,"loc":{"start":{"line":281,"column":42},"end":{"line":281,"column":98}},"locations":[{"start":{"line":281,"column":42},"end":{"line":281,"column":98}}]},"68":{"type":"branch","line":281,"loc":{"start":{"line":281,"column":42},"end":{"line":281,"column":98}},"locations":[{"start":{"line":281,"column":42},"end":{"line":281,"column":98}}]},"69":{"type":"branch","line":283,"loc":{"start":{"line":283,"column":18},"end":{"line":283,"column":75}},"locations":[{"start":{"line":283,"column":18},"end":{"line":283,"column":75}}]},"70":{"type":"branch","line":283,"loc":{"start":{"line":283,"column":69},"end":{"line":283,"column":118}},"locations":[{"start":{"line":283,"column":69},"end":{"line":283,"column":118}}]},"71":{"type":"branch","line":279,"loc":{"start":{"line":279,"column":68},"end":{"line":279,"column":88}},"locations":[{"start":{"line":279,"column":68},"end":{"line":279,"column":88}}]},"72":{"type":"branch","line":303,"loc":{"start":{"line":303,"column":24},"end":{"line":304,"column":36}},"locations":[{"start":{"line":303,"column":24},"end":{"line":304,"column":36}}]}},"b":{"0":[11],"1":[0],"2":[32],"3":[27],"4":[14],"5":[10],"6":[1],"7":[1],"8":[2],"9":[1],"10":[0],"11":[3],"12":[0],"13":[8],"14":[0],"15":[8],"16":[3],"17":[0],"18":[10],"19":[10],"20":[21],"21":[0],"22":[9],"23":[9],"24":[0],"25":[12],"26":[0],"27":[3],"28":[0],"29":[0],"30":[1],"31":[0],"32":[0],"33":[0],"34":[2],"35":[0],"36":[2],"37":[2],"38":[14],"39":[1],"40":[0],"41":[13],"42":[14],"43":[14],"44":[11],"45":[1],"46":[4],"47":[0],"48":[13],"49":[3],"50":[1],"51":[6],"52":[28],"53":[6],"54":[28],"55":[10],"56":[28],"57":[6],"58":[10],"59":[5],"60":[19],"61":[18],"62":[1],"63":[23],"64":[0],"65":[34],"66":[34],"67":[34],"68":[34],"69":[34],"70":[34],"71":[3],"72":[10]},"fnMap":{"0":{"name":"initializeAmounts","decl":{"start":{"line":13,"column":26},"end":{"line":19,"column":2}},"loc":{"start":{"line":13,"column":26},"end":{"line":19,"column":2}},"line":13},"1":{"name":"get","decl":{"start":{"line":22,"column":7},"end":{"line":22,"column":41}},"loc":{"start":{"line":22,"column":7},"end":{"line":22,"column":41}},"line":22},"2":{"name":"set","decl":{"start":{"line":23,"column":7},"end":{"line":26,"column":3}},"loc":{"start":{"line":23,"column":7},"end":{"line":26,"column":3}},"line":23},"3":{"name":"adjustInputWidth","decl":{"start":{"line":34,"column":25},"end":{"line":39,"column":2}},"loc":{"start":{"line":34,"column":25},"end":{"line":39,"column":2}},"line":34},"4":{"name":"handleInput","decl":{"start":{"line":41,"column":20},"end":{"line":118,"column":2}},"loc":{"start":{"line":41,"column":20},"end":{"line":118,"column":2}},"line":41},"5":{"name":"calculateToAmount","decl":{"start":{"line":120,"column":26},"end":{"line":141,"column":2}},"loc":{"start":{"line":120,"column":26},"end":{"line":141,"column":2}},"line":120},"6":{"name":"setActiveTab","decl":{"start":{"line":143,"column":21},"end":{"line":162,"column":2}},"loc":{"start":{"line":143,"column":21},"end":{"line":162,"column":2}},"line":143},"7":{"name":"swapCurrencies","decl":{"start":{"line":164,"column":23},"end":{"line":186,"column":2}},"loc":{"start":{"line":164,"column":23},"end":{"line":186,"column":2}},"line":164},"8":{"name":"startOperation","decl":{"start":{"line":189,"column":23},"end":{"line":209,"column":2}},"loc":{"start":{"line":189,"column":23},"end":{"line":209,"column":2}},"line":189},"9":{"name":"loadingWatcher.value.immediate","decl":{"start":{"line":226,"column":4},"end":{"line":240,"column":7}},"loc":{"start":{"line":226,"column":4},"end":{"line":240,"column":7}},"line":226},"10":{"name":"onClick","decl":{"start":{"line":279,"column":68},"end":{"line":279,"column":88}},"loc":{"start":{"line":279,"column":68},"end":{"line":279,"column":88}},"line":279},"11":{"name":"$setup.exchangeStore.loading.onUpdate:modelValue._cache.<computed>._cache.<computed>","decl":{"start":{"line":303,"column":24},"end":{"line":304,"column":36}},"loc":{"start":{"line":303,"column":24},"end":{"line":304,"column":36}},"line":303}},"f":{"0":11,"1":32,"2":27,"3":14,"4":10,"5":21,"6":3,"7":1,"8":2,"9":14,"10":3,"11":10}}
,"C:\\Developers\\currency-exchange\\src\\firebase\\config.ts": {"path":"C:\\Developers\\currency-exchange\\src\\firebase\\config.ts","all":false,"statementMap":{"0":{"start":{"line":1,"column":0},"end":{"line":1,"column":45}},"1":{"start":{"line":2,"column":0},"end":{"line":2,"column":74}},"3":{"start":{"line":4,"column":0},"end":{"line":4,"column":24}},"4":{"start":{"line":5,"column":0},"end":{"line":5,"column":48}},"5":{"start":{"line":6,"column":0},"end":{"line":6,"column":55}},"6":{"start":{"line":7,"column":0},"end":{"line":7,"column":54}},"7":{"start":{"line":8,"column":0},"end":{"line":8,"column":62}},"8":{"start":{"line":9,"column":0},"end":{"line":9,"column":71}},"9":{"start":{"line":10,"column":0},"end":{"line":10,"column":45}},"10":{"start":{"line":11,"column":0},"end":{"line":11,"column":2}},"13":{"start":{"line":14,"column":0},"end":{"line":14,"column":42}},"16":{"start":{"line":17,"column":0},"end":{"line":17,"column":37}},"17":{"start":{"line":18,"column":0},"end":{"line":18,"column":89}},"18":{"start":{"line":19,"column":0},"end":{"line":19,"column":3}},"21":{"start":{"line":22,"column":0},"end":{"line":22,"column":106}}},"s":{"0":1,"1":1,"3":1,"4":1,"5":1,"6":1,"7":1,"8":1,"9":1,"10":1,"13":1,"16":1,"17":1,"18":1,"21":1},"branchMap":{},"b":{},"fnMap":{},"f":{}}
,"C:\\Developers\\currency-exchange\\src\\stores\\exchange.ts": {"path":"C:\\Developers\\currency-exchange\\src\\stores\\exchange.ts","all":false,"statementMap":{"0":{"start":{"line":1,"column":0},"end":{"line":1,"column":36}},"1":{"start":{"line":2,"column":0},"end":{"line":2,"column":49}},"2":{"start":{"line":3,"column":0},"end":{"line":3,"column":53}},"3":{"start":{"line":4,"column":0},"end":{"line":4,"column":40}},"5":{"start":{"line":6,"column":0},"end":{"line":6,"column":63}},"7":{"start":{"line":8,"column":0},"end":{"line":8,"column":31}},"8":{"start":{"line":9,"column":0},"end":{"line":9,"column":27}},"9":{"start":{"line":10,"column":0},"end":{"line":10,"column":28}},"10":{"start":{"line":11,"column":0},"end":{"line":11,"column":41}},"13":{"start":{"line":14,"column":0},"end":{"line":14,"column":63}},"16":{"start":{"line":17,"column":0},"end":{"line":17,"column":33}},"17":{"start":{"line":18,"column":0},"end":{"line":18,"column":16}},"18":{"start":{"line":19,"column":0},"end":{"line":19,"column":14}},"19":{"start":{"line":20,"column":0},"end":{"line":20,"column":25}},"20":{"start":{"line":21,"column":0},"end":{"line":21,"column":32}},"21":{"start":{"line":22,"column":0},"end":{"line":22,"column":19}},"23":{"start":{"line":24,"column":0},"end":{"line":24,"column":57}},"24":{"start":{"line":25,"column":0},"end":{"line":25,"column":49}},"25":{"start":{"line":26,"column":0},"end":{"line":26,"column":32}},"26":{"start":{"line":27,"column":0},"end":{"line":27,"column":29}},"27":{"start":{"line":28,"column":0},"end":{"line":28,"column":9}},"28":{"start":{"line":29,"column":0},"end":{"line":29,"column":14}},"29":{"start":{"line":30,"column":0},"end":{"line":30,"column":71}},"30":{"start":{"line":31,"column":0},"end":{"line":31,"column":30}},"31":{"start":{"line":32,"column":0},"end":{"line":32,"column":7}},"32":{"start":{"line":33,"column":0},"end":{"line":33,"column":6}},"33":{"start":{"line":34,"column":0},"end":{"line":34,"column":14}},"34":{"start":{"line":35,"column":0},"end":{"line":35,"column":76}},"35":{"start":{"line":36,"column":0},"end":{"line":36,"column":28}},"36":{"start":{"line":37,"column":0},"end":{"line":37,"column":65}},"38":{"start":{"line":39,"column":0},"end":{"line":39,"column":55}},"39":{"start":{"line":40,"column":0},"end":{"line":40,"column":5}},"40":{"start":{"line":41,"column":0},"end":{"line":41,"column":4}},"43":{"start":{"line":44,"column":0},"end":{"line":44,"column":33}},"44":{"start":{"line":45,"column":0},"end":{"line":45,"column":34}},"45":{"start":{"line":46,"column":0},"end":{"line":46,"column":25}},"46":{"start":{"line":47,"column":0},"end":{"line":47,"column":6}},"49":{"start":{"line":50,"column":0},"end":{"line":50,"column":52}},"50":{"start":{"line":51,"column":0},"end":{"line":51,"column":35}},"51":{"start":{"line":52,"column":0},"end":{"line":52,"column":3}},"53":{"start":{"line":54,"column":0},"end":{"line":54,"column":52}},"54":{"start":{"line":55,"column":0},"end":{"line":55,"column":41}},"55":{"start":{"line":56,"column":0},"end":{"line":56,"column":3}},"58":{"start":{"line":59,"column":0},"end":{"line":59,"column":21}},"59":{"start":{"line":60,"column":0},"end":{"line":60,"column":22}},"60":{"start":{"line":61,"column":0},"end":{"line":61,"column":20}},"61":{"start":{"line":62,"column":0},"end":{"line":62,"column":5}},"62":{"start":{"line":63,"column":0},"end":{"line":63,"column":3}},"65":{"start":{"line":66,"column":0},"end":{"line":66,"column":21}},"66":{"start":{"line":67,"column":0},"end":{"line":67,"column":13}},"67":{"start":{"line":68,"column":0},"end":{"line":68,"column":5}},"69":{"start":{"line":70,"column":0},"end":{"line":70,"column":10}},"71":{"start":{"line":72,"column":0},"end":{"line":72,"column":18}},"72":{"start":{"line":73,"column":0},"end":{"line":73,"column":14}},"73":{"start":{"line":74,"column":0},"end":{"line":74,"column":12}},"74":{"start":{"line":75,"column":0},"end":{"line":75,"column":10}},"77":{"start":{"line":78,"column":0},"end":{"line":78,"column":10}},"80":{"start":{"line":81,"column":0},"end":{"line":81,"column":21}},"81":{"start":{"line":82,"column":0},"end":{"line":82,"column":19}},"82":{"start":{"line":83,"column":0},"end":{"line":83,"column":10}},"83":{"start":{"line":84,"column":0},"end":{"line":84,"column":4}},"84":{"start":{"line":85,"column":0},"end":{"line":85,"column":3}}},"s":{"0":1,"1":1,"2":1,"3":1,"5":1,"7":9,"8":9,"9":9,"10":9,"13":9,"16":9,"17":9,"18":9,"19":2,"20":2,"21":2,"23":2,"24":2,"25":2,"26":2,"27":2,"28":2,"29":0,"30":0,"31":0,"32":2,"33":9,"34":1,"35":1,"36":1,"38":1,"39":1,"40":9,"43":9,"44":0,"45":0,"46":9,"49":9,"50":1,"51":1,"53":9,"54":1,"55":1,"58":9,"59":5,"60":5,"61":5,"62":5,"65":9,"66":2,"67":9,"69":9,"71":9,"72":9,"73":9,"74":9,"77":9,"80":9,"81":9,"82":9,"83":9,"84":9},"branchMap":{"0":{"type":"branch","line":6,"loc":{"start":{"line":6,"column":56},"end":{"line":85,"column":3}},"locations":[{"start":{"line":6,"column":56},"end":{"line":85,"column":3}}]},"1":{"type":"branch","line":19,"loc":{"start":{"line":19,"column":4},"end":{"line":33,"column":6}},"locations":[{"start":{"line":19,"column":4},"end":{"line":33,"column":6}}]},"2":{"type":"branch","line":24,"loc":{"start":{"line":24,"column":37},"end":{"line":24,"column":57}},"locations":[{"start":{"line":24,"column":37},"end":{"line":24,"column":57}}]},"3":{"type":"branch","line":25,"loc":{"start":{"line":25,"column":33},"end":{"line":25,"column":49}},"locations":[{"start":{"line":25,"column":33},"end":{"line":25,"column":49}}]},"4":{"type":"branch","line":29,"loc":{"start":{"line":29,"column":6},"end":{"line":32,"column":7}},"locations":[{"start":{"line":29,"column":6},"end":{"line":32,"column":7}}]},"5":{"type":"branch","line":34,"loc":{"start":{"line":34,"column":4},"end":{"line":40,"column":5}},"locations":[{"start":{"line":34,"column":4},"end":{"line":40,"column":5}}]},"6":{"type":"branch","line":50,"loc":{"start":{"line":50,"column":2},"end":{"line":52,"column":3}},"locations":[{"start":{"line":50,"column":2},"end":{"line":52,"column":3}}]},"7":{"type":"branch","line":54,"loc":{"start":{"line":54,"column":2},"end":{"line":56,"column":3}},"locations":[{"start":{"line":54,"column":2},"end":{"line":56,"column":3}}]},"8":{"type":"branch","line":59,"loc":{"start":{"line":59,"column":2},"end":{"line":63,"column":3}},"locations":[{"start":{"line":59,"column":2},"end":{"line":63,"column":3}}]},"9":{"type":"branch","line":66,"loc":{"start":{"line":66,"column":14},"end":{"line":68,"column":3}},"locations":[{"start":{"line":66,"column":14},"end":{"line":68,"column":3}}]}},"b":{"0":[9],"1":[2],"2":[0],"3":[0],"4":[0],"5":[1],"6":[1],"7":[1],"8":[5],"9":[2]},"fnMap":{"0":{"name":"error.value","decl":{"start":{"line":19,"column":4},"end":{"line":33,"column":6}},"loc":{"start":{"line":19,"column":4},"end":{"line":33,"column":6}},"line":19},"1":{"name":"convertToDollars","decl":{"start":{"line":50,"column":2},"end":{"line":52,"column":3}},"loc":{"start":{"line":50,"column":2},"end":{"line":52,"column":3}},"line":50},"2":{"name":"convertToSoles","decl":{"start":{"line":54,"column":2},"end":{"line":56,"column":3}},"loc":{"start":{"line":54,"column":2},"end":{"line":56,"column":3}},"line":54},"3":{"name":"$reset","decl":{"start":{"line":59,"column":2},"end":{"line":63,"column":3}},"loc":{"start":{"line":59,"column":2},"end":{"line":63,"column":3}},"line":59}},"f":{"0":2,"1":1,"2":1,"3":5}}
}
